<?xml version="1.0" encoding="UTF-8"?>
<testng-results skipped="0" failed="0" ignored="0" total="1" passed="1">
  <reporter-output>
  </reporter-output>
  <suite name="Default suite" duration-ms="10100" started-at="2020-03-30T05:41:15Z" finished-at="2020-03-30T05:41:25Z">
    <groups>
      <group name="cucumber">
        <method signature="AbstractTestNGCucumberTests.feature(cucumber.api.testng.CucumberFeatureWrapper)[pri:0, instance:com.testrunner.TestRunner@5442a311]" name="feature" class="cucumber.api.testng.AbstractTestNGCucumberTests"/>
      </group> <!-- cucumber -->
    </groups>
    <test name="Default test" duration-ms="10100" started-at="2020-03-30T05:41:15Z" finished-at="2020-03-30T05:41:25Z">
      <class name="com.testrunner.TestRunner">
        <test-method status="PASS" signature="setUpClass()[pri:0, instance:com.testrunner.TestRunner@5442a311]" name="setUpClass" is-config="true" duration-ms="223" started-at="2020-03-30T05:41:15Z" finished-at="2020-03-30T05:41:15Z">
          <reporter-output>
          </reporter-output>
        </test-method> <!-- setUpClass -->
        <test-method status="PASS" signature="feature(cucumber.api.testng.CucumberFeatureWrapper)[pri:0, instance:com.testrunner.TestRunner@5442a311]" name="feature" duration-ms="9739" started-at="2020-03-30T05:41:15Z" description="Runs Cucumber Feature" data-provider="features" finished-at="2020-03-30T05:41:25Z">
          <params>
            <param index="0">
              <value>
                <![CDATA[Account sign up functionality testing]]>
              </value>
            </param>
          </params>
          <reporter-output>
          </reporter-output>
        </test-method> <!-- feature -->
        <test-method status="PASS" signature="tearDownClass()[pri:0, instance:com.testrunner.TestRunner@5442a311]" name="tearDownClass" is-config="true" duration-ms="7" started-at="2020-03-30T05:41:25Z" finished-at="2020-03-30T05:41:25Z">
          <reporter-output>
          </reporter-output>
        </test-method> <!-- tearDownClass -->
      </class> <!-- com.testrunner.TestRunner -->
    </test> <!-- Default test -->
  </suite> <!-- Default suite -->
</testng-results>
